2024-01-31 11:38:08 - 2024-01-31 11:36:20.063863 - Person 1 detected - Direction: Southwest
2024-01-31 11:38:08 - 2024-01-31 11:36:20.063863 - Person 2 detected - Direction: Southeast
2024-01-31 11:38:08 - 2024-01-31 11:36:20.103863 - Person 0 detected - Direction: West
2024-01-31 11:38:08 - 2024-01-31 11:36:20.103863 - Person 1 detected - Direction: Southwest
2024-01-31 11:38:08 - 2024-01-31 11:36:20.103863 - Person 2 detected - Direction: Southeast
2024-01-31 11:38:08 - 2024-01-31 11:36:20.143863 - Person 0 detected - Direction: Southwest
2024-01-31 11:38:08 - 2024-01-31 11:36:20.143863 - Person 1 detected - Direction: East
2024-01-31 11:38:08 - 2024-01-31 11:36:20.143863 - Person 2 detected - Direction: East
2024-01-31 11:38:09 - 2024-01-31 11:36:20.183863 - Person 0 detected - Direction: Southwest
2024-01-31 11:38:09 - 2024-01-31 11:36:20.183863 - Person 1 detected - Direction: Southeast
2024-01-31 11:38:09 - 2024-01-31 11:36:20.183863 - Person 2 detected - Direction: East
2024-01-31 11:38:09 - 2024-01-31 11:36:20.223863 - Person 0 detected - Direction: West
2024-01-31 11:38:09 - 2024-01-31 11:36:20.223863 - Person 1 detected - Direction: West
2024-01-31 11:38:09 - 2024-01-31 11:36:20.263863 - Person 0 detected - Direction: East
2024-01-31 11:38:09 - 2024-01-31 11:36:20.263863 - Person 1 detected - Direction: West
2024-01-31 11:38:10 - 2024-01-31 11:36:20.303863 - Person 0 detected - Direction: East
2024-01-31 11:38:10 - 2024-01-31 11:36:20.303863 - Person 1 detected - Direction: West
2024-01-31 11:38:10 - 2024-01-31 11:36:20.343863 - Person 0 detected - Direction: East
2024-01-31 11:38:10 - 2024-01-31 11:36:20.343863 - Person 1 detected - Direction: West
2024-01-31 11:38:10 - 2024-01-31 11:36:20.383863 - Person 0 detected - Direction: East
2024-01-31 11:38:10 - 2024-01-31 11:36:20.383863 - Person 1 detected - Direction: West
2024-01-31 11:38:11 - 2024-01-31 11:36:20.423863 - Person 0 detected - Direction: East
2024-01-31 11:38:11 - 2024-01-31 11:36:20.463863 - Person 0 detected - Direction: North
2024-01-31 11:38:11 - 2024-01-31 11:36:20.463863 - Person 1 detected - Direction: West
2024-01-31 11:38:11 - 2024-01-31 11:36:20.463863 - Person 2 detected - Direction: Southeast
2024-01-31 11:38:11 - 2024-01-31 11:36:20.503863 - Person 0 detected - Direction: West
2024-01-31 11:38:11 - 2024-01-31 11:36:20.503863 - Person 1 detected - Direction: West
2024-01-31 11:38:11 - 2024-01-31 11:36:20.503863 - Person 2 detected - Direction: Southeast
2024-01-31 11:38:11 - 2024-01-31 11:36:20.543863 - Person 0 detected - Direction: Southwest
2024-01-31 11:38:11 - 2024-01-31 11:36:20.543863 - Person 1 detected - Direction: East
2024-01-31 11:38:11 - 2024-01-31 11:36:20.543863 - Person 2 detected - Direction: East
2024-01-31 11:38:12 - 2024-01-31 11:36:20.583863 - Person 0 detected - Direction: Southwest
2024-01-31 11:38:12 - 2024-01-31 11:36:20.583863 - Person 1 detected - Direction: East
2024-01-31 11:38:12 - 2024-01-31 11:36:20.583863 - Person 2 detected - Direction: East
2024-01-31 11:38:12 - 2024-01-31 11:36:20.623863 - Person 0 detected - Direction: West
2024-01-31 11:38:12 - 2024-01-31 11:36:20.623863 - Person 1 detected - Direction: East
2024-01-31 11:38:12 - 2024-01-31 11:36:20.623863 - Person 2 detected - Direction: Southwest
2024-01-31 11:38:13 - 2024-01-31 11:36:20.663863 - Person 0 detected - Direction: East
2024-01-31 11:38:13 - 2024-01-31 11:36:20.663863 - Person 1 detected - Direction: East
2024-01-31 11:38:13 - 2024-01-31 11:36:20.663863 - Person 2 detected - Direction: Southwest
2024-01-31 11:38:13 - 2024-01-31 11:36:20.703863 - Person 0 detected - Direction: East
2024-01-31 11:38:13 - 2024-01-31 11:36:20.703863 - Person 1 detected - Direction: East
2024-01-31 11:38:13 - 2024-01-31 11:36:20.703863 - Person 2 detected - Direction: Southwest
2024-01-31 11:38:13 - 2024-01-31 11:36:20.743863 - Person 0 detected - Direction: East
2024-01-31 11:38:13 - 2024-01-31 11:36:20.743863 - Person 1 detected - Direction: East
2024-01-31 11:38:14 - 2024-01-31 11:36:20.783863 - Person 0 detected - Direction: West
2024-01-31 11:38:14 - 2024-01-31 11:36:20.783863 - Person 1 detected - Direction: East
2024-01-31 11:38:14 - 2024-01-31 11:36:20.823863 - Person 0 detected - Direction: West
2024-01-31 11:38:14 - 2024-01-31 11:36:20.823863 - Person 1 detected - Direction: East
2024-01-31 11:38:14 - 2024-01-31 11:36:20.863863 - Person 0 detected - Direction: West
2024-01-31 11:38:14 - 2024-01-31 11:36:20.863863 - Person 1 detected - Direction: East
2024-01-31 11:38:15 - 2024-01-31 11:36:20.903863 - Person 0 detected - Direction: West
2024-01-31 11:38:15 - 2024-01-31 11:36:20.903863 - Person 1 detected - Direction: East
2024-01-31 11:38:15 - 2024-01-31 11:36:20.943863 - Person 0 detected - Direction: Northwest
2024-01-31 11:38:15 - 2024-01-31 11:36:20.983863 - Person 0 detected - Direction: North
2024-01-31 11:38:15 - 2024-01-31 11:36:21.023863 - Person 0 detected - Direction: North
2024-01-31 11:38:16 - 2024-01-31 11:36:21.063863 - Person 0 detected - Direction: Northwest
2024-01-31 11:38:16 - 2024-01-31 11:36:21.063863 - Person 1 detected - Direction: Northeast
2024-01-31 11:38:16 - 2024-01-31 11:36:21.103863 - Person 0 detected - Direction: Northwest
2024-01-31 11:38:16 - 2024-01-31 11:36:21.103863 - Person 1 detected - Direction: Northeast
2024-01-31 11:38:16 - 2024-01-31 11:36:21.143863 - Person 0 detected - Direction: Northwest
2024-01-31 11:38:17 - 2024-01-31 11:36:21.183863 - Person 0 detected - Direction: North
2024-01-31 11:38:17 - 2024-01-31 11:36:21.223863 - Person 0 detected - Direction: North
2024-01-31 11:38:17 - 2024-01-31 11:36:21.223863 - Person 1 detected - Direction: Southwest
2024-01-31 11:38:17 - 2024-01-31 11:36:21.263863 - Person 0 detected - Direction: Southeast
2024-01-31 11:38:18 - 2024-01-31 11:36:21.303863 - Person 0 detected - Direction: North
2024-01-31 11:38:18 - 2024-01-31 11:36:21.343863 - Person 0 detected - Direction: North
2024-01-31 11:38:18 - 2024-01-31 11:36:21.343863 - Person 1 detected - Direction: East
2024-01-31 11:38:18 - 2024-01-31 11:36:21.383863 - Person 0 detected - Direction: West
2024-01-31 11:38:18 - 2024-01-31 11:36:21.383863 - Person 1 detected - Direction: East
2024-01-31 11:38:19 - 2024-01-31 11:36:21.423863 - Person 0 detected - Direction: West
2024-01-31 11:38:19 - 2024-01-31 11:36:21.463863 - Person 0 detected - Direction: North
2024-01-31 11:38:19 - 2024-01-31 11:36:21.503863 - Person 0 detected - Direction: North
2024-01-31 11:38:19 - 2024-01-31 11:36:21.543863 - Person 0 detected - Direction: North
2024-01-31 11:38:20 - 2024-01-31 11:36:21.583863 - Person 0 detected - Direction: North
2024-01-31 11:38:20 - 2024-01-31 11:36:21.623863 - Person 0 detected - Direction: North
2024-01-31 11:38:20 - 2024-01-31 11:36:21.663863 - Person 0 detected - Direction: North
2024-01-31 11:38:21 - 2024-01-31 11:36:21.703863 - Person 0 detected - Direction: North
2024-01-31 11:38:21 - 2024-01-31 11:36:21.743863 - Person 0 detected - Direction: North
2024-01-31 11:38:21 - 2024-01-31 11:36:21.743863 - Person 1 detected - Direction: Southwest
2024-01-31 11:38:21 - 2024-01-31 11:36:21.783863 - Person 0 detected - Direction: Southeast
2024-01-31 11:38:21 - 2024-01-31 11:36:21.783863 - Person 1 detected - Direction: Southwest
2024-01-31 11:38:22 - 2024-01-31 11:36:21.823863 - Person 0 detected - Direction: Southeast
2024-01-31 11:38:22 - 2024-01-31 11:36:21.823863 - Person 1 detected - Direction: Southwest
2024-01-31 11:38:22 - 2024-01-31 11:36:21.863863 - Person 0 detected - Direction: Southeast
2024-01-31 11:38:22 - 2024-01-31 11:36:21.863863 - Person 1 detected - Direction: Southeast
2024-01-31 11:38:22 - 2024-01-31 11:36:21.903863 - Person 0 detected - Direction: Southwest
2024-01-31 11:38:22 - 2024-01-31 11:36:21.903863 - Person 1 detected - Direction: Southeast
2024-01-31 11:38:23 - 2024-01-31 11:36:21.943863 - Person 0 detected - Direction: Southwest
2024-01-31 11:38:23 - 2024-01-31 11:36:21.983863 - Person 0 detected - Direction: North
2024-01-31 11:38:23 - 2024-01-31 11:36:21.983863 - Person 1 detected - Direction: Southwest
2024-01-31 11:38:23 - 2024-01-31 11:36:22.023863 - Person 0 detected - Direction: Southeast
2024-01-31 11:38:23 - 2024-01-31 11:36:22.023863 - Person 1 detected - Direction: Southeast
2024-01-31 11:38:23 - 2024-01-31 11:36:22.063863 - Person 0 detected - Direction: Southwest
2024-01-31 11:38:23 - 2024-01-31 11:36:22.063863 - Person 1 detected - Direction: Southeast
2024-01-31 11:38:23 - 2024-01-31 11:36:22.063863 - Person 2 detected - Direction: Southwest
2024-01-31 11:38:24 - 2024-01-31 11:36:22.103863 - Person 0 detected - Direction: Southeast
2024-01-31 11:38:24 - 2024-01-31 11:36:22.103863 - Person 1 detected - Direction: Southeast
2024-01-31 11:38:24 - 2024-01-31 11:36:22.103863 - Person 2 detected - Direction: Southwest
2024-01-31 11:38:24 - 2024-01-31 11:36:22.143863 - Person 0 detected - Direction: Southeast
2024-01-31 11:38:24 - 2024-01-31 11:36:22.143863 - Person 1 detected - Direction: Southwest
2024-01-31 11:38:24 - 2024-01-31 11:36:22.143863 - Person 2 detected - Direction: Southeast
2024-01-31 11:38:24 - 2024-01-31 11:36:22.183863 - Person 0 detected - Direction: Southwest
2024-01-31 11:38:24 - 2024-01-31 11:36:22.183863 - Person 1 detected - Direction: Southwest
2024-01-31 11:38:24 - 2024-01-31 11:36:22.183863 - Person 2 detected - Direction: Southeast
2024-01-31 11:38:25 - 2024-01-31 11:36:22.223863 - Person 0 detected - Direction: Southwest
2024-01-31 11:38:25 - 2024-01-31 11:36:22.223863 - Person 1 detected - Direction: Southwest
2024-01-31 11:38:25 - 2024-01-31 11:36:22.223863 - Person 2 detected - Direction: Southeast
2024-01-31 11:38:25 - 2024-01-31 11:36:22.263863 - Person 0 detected - Direction: Southwest
2024-01-31 11:38:25 - 2024-01-31 11:36:22.263863 - Person 1 detected - Direction: Southeast
2024-01-31 11:38:25 - 2024-01-31 11:36:22.263863 - Person 2 detected - Direction: Southwest
2024-01-31 11:38:25 - 2024-01-31 11:36:22.303863 - Person 0 detected - Direction: Southeast
2024-01-31 11:38:25 - 2024-01-31 11:36:22.303863 - Person 1 detected - Direction: Southeast
2024-01-31 11:38:25 - 2024-01-31 11:36:22.303863 - Person 2 detected - Direction: Southwest
2024-01-31 11:38:26 - 2024-01-31 11:36:22.343863 - Person 0 detected - Direction: Southeast
2024-01-31 11:38:26 - 2024-01-31 11:36:22.343863 - Person 1 detected - Direction: Southeast
2024-01-31 11:38:26 - 2024-01-31 11:36:22.383863 - Person 0 detected - Direction: Southwest
2024-01-31 11:38:26 - 2024-01-31 11:36:22.383863 - Person 1 detected - Direction: Southeast
2024-01-31 11:38:26 - 2024-01-31 11:36:22.423863 - Person 0 detected - Direction: Southwest
2024-01-31 11:38:26 - 2024-01-31 11:36:22.423863 - Person 1 detected - Direction: Southeast
2024-01-31 11:38:27 - 2024-01-31 11:36:22.463863 - Person 0 detected - Direction: North
2024-01-31 11:38:27 - 2024-01-31 11:36:22.463863 - Person 1 detected - Direction: Southwest
2024-01-31 11:38:27 - 2024-01-31 11:36:22.503863 - Person 0 detected - Direction: Southeast
2024-01-31 11:38:27 - 2024-01-31 11:36:22.503863 - Person 1 detected - Direction: Southwest
2024-01-31 11:38:27 - 2024-01-31 11:36:22.543863 - Person 0 detected - Direction: Southeast
2024-01-31 11:38:27 - 2024-01-31 11:36:22.543863 - Person 1 detected - Direction: Southwest
2024-01-31 11:38:28 - 2024-01-31 11:36:22.583863 - Person 0 detected - Direction: Southeast
2024-01-31 11:38:28 - 2024-01-31 11:36:22.583863 - Person 1 detected - Direction: Southwest
2024-01-31 11:38:28 - 2024-01-31 11:36:22.623863 - Person 0 detected - Direction: North
2024-01-31 11:38:28 - 2024-01-31 11:36:22.623863 - Person 1 detected - Direction: Southeast
2024-01-31 11:38:28 - 2024-01-31 11:36:22.663863 - Person 0 detected - Direction: Southwest
2024-01-31 11:38:28 - 2024-01-31 11:36:22.663863 - Person 1 detected - Direction: Southeast
2024-01-31 11:38:28 - 2024-01-31 11:36:22.663863 - Person 2 detected - Direction: Southwest
2024-01-31 11:38:28 - 2024-01-31 11:36:22.703863 - Person 0 detected - Direction: Southeast
2024-01-31 11:38:28 - 2024-01-31 11:36:22.703863 - Person 1 detected - Direction: Southeast
2024-01-31 11:38:28 - 2024-01-31 11:36:22.703863 - Person 2 detected - Direction: Southwest
2024-01-31 11:38:29 - 2024-01-31 11:36:22.743863 - Person 0 detected - Direction: Southeast
2024-01-31 11:38:29 - 2024-01-31 11:36:22.743863 - Person 1 detected - Direction: Southeast
2024-01-31 11:38:29 - 2024-01-31 11:36:22.743863 - Person 2 detected - Direction: Southwest
2024-01-31 11:38:29 - 2024-01-31 11:36:22.783863 - Person 0 detected - Direction: Southeast
2024-01-31 11:38:29 - 2024-01-31 11:36:22.783863 - Person 1 detected - Direction: Southeast
2024-01-31 11:38:29 - 2024-01-31 11:36:22.783863 - Person 2 detected - Direction: Southwest
2024-01-31 11:38:29 - 2024-01-31 11:36:22.823863 - Person 0 detected - Direction: Southeast
2024-01-31 11:38:30 - 2024-01-31 11:36:22.863863 - Person 0 detected - Direction: North
2024-01-31 11:38:30 - 2024-01-31 11:36:22.903863 - Person 0 detected - Direction: North
2024-01-31 11:38:30 - 2024-01-31 11:36:22.943863 - Person 0 detected - Direction: North
2024-01-31 11:38:30 - 2024-01-31 11:36:22.943863 - Person 1 detected - Direction: Southwest
2024-01-31 11:38:31 - 2024-01-31 11:36:22.983863 - Person 0 detected - Direction: Southeast
2024-01-31 11:38:31 - 2024-01-31 11:36:22.983863 - Person 1 detected - Direction: Southwest
2024-01-31 11:38:31 - 2024-01-31 11:36:23.023863 - Person 0 detected - Direction: Southeast
2024-01-31 11:38:31 - 2024-01-31 11:36:23.023863 - Person 1 detected - Direction: Southwest
2024-01-31 11:38:31 - 2024-01-31 11:36:23.063863 - Person 0 detected - Direction: North
2024-01-31 11:38:31 - 2024-01-31 11:36:23.063863 - Person 1 detected - Direction: Southeast
2024-01-31 11:38:32 - 2024-01-31 11:36:23.103863 - Person 0 detected - Direction: Southwest
2024-01-31 11:38:32 - 2024-01-31 11:36:23.103863 - Person 1 detected - Direction: Southeast
2024-01-31 11:38:32 - 2024-01-31 11:36:23.143863 - Person 0 detected - Direction: North
2024-01-31 11:38:32 - 2024-01-31 11:36:23.143863 - Person 1 detected - Direction: Southwest
2024-01-31 11:38:32 - 2024-01-31 11:36:23.183863 - Person 0 detected - Direction: Southeast
2024-01-31 11:38:32 - 2024-01-31 11:36:23.183863 - Person 1 detected - Direction: Southwest
2024-01-31 11:38:33 - 2024-01-31 11:36:23.223863 - Person 0 detected - Direction: Southeast
2024-01-31 11:38:33 - 2024-01-31 11:36:23.223863 - Person 1 detected - Direction: Southwest
2024-01-31 11:38:33 - 2024-01-31 11:36:23.263863 - Person 0 detected - Direction: Southeast
2024-01-31 11:38:33 - 2024-01-31 11:36:23.263863 - Person 1 detected - Direction: Southwest
2024-01-31 11:38:33 - 2024-01-31 11:36:23.303863 - Person 0 detected - Direction: Southeast
2024-01-31 11:38:33 - 2024-01-31 11:36:23.303863 - Person 1 detected - Direction: Southwest
2024-01-31 11:38:34 - 2024-01-31 11:36:23.343863 - Person 0 detected - Direction: Southeast
2024-01-31 11:38:34 - 2024-01-31 11:36:23.343863 - Person 1 detected - Direction: South
2024-01-31 11:38:34 - 2024-01-31 11:36:23.343863 - Person 2 detected - Direction: South
2024-01-31 11:38:34 - 2024-01-31 11:36:23.383863 - Person 0 detected - Direction: Southwest
2024-01-31 11:38:34 - 2024-01-31 11:36:23.383863 - Person 1 detected - Direction: South
2024-01-31 11:38:34 - 2024-01-31 11:36:23.383863 - Person 2 detected - Direction: South
2024-01-31 11:38:34 - 2024-01-31 11:36:23.423863 - Person 0 detected - Direction: Southwest
2024-01-31 11:38:34 - 2024-01-31 11:36:23.423863 - Person 1 detected - Direction: South
2024-01-31 11:38:35 - 2024-01-31 11:36:23.463863 - Person 0 detected - Direction: South
2024-01-31 11:38:35 - 2024-01-31 11:36:23.463863 - Person 1 detected - Direction: South
2024-01-31 11:38:35 - 2024-01-31 11:36:23.463863 - Person 2 detected - Direction: South
2024-01-31 11:38:35 - 2024-01-31 11:36:23.503863 - Person 0 detected - Direction: Southwest
2024-01-31 11:38:35 - 2024-01-31 11:36:23.503863 - Person 1 detected - Direction: South
2024-01-31 11:38:35 - 2024-01-31 11:36:23.503863 - Person 2 detected - Direction: South
2024-01-31 11:38:35 - 2024-01-31 11:36:23.543863 - Person 0 detected - Direction: South
2024-01-31 11:38:35 - 2024-01-31 11:36:23.543863 - Person 1 detected - Direction: South
2024-01-31 11:38:35 - 2024-01-31 11:36:23.543863 - Person 2 detected - Direction: Southeast
2024-01-31 11:38:35 - 2024-01-31 11:36:23.583863 - Person 0 detected - Direction: South
2024-01-31 11:38:35 - 2024-01-31 11:36:23.583863 - Person 1 detected - Direction: South
2024-01-31 11:38:35 - 2024-01-31 11:36:23.583863 - Person 2 detected - Direction: Southeast
2024-01-31 11:38:36 - 2024-01-31 11:36:23.623863 - Person 0 detected - Direction: South
2024-01-31 11:38:36 - 2024-01-31 11:36:23.623863 - Person 1 detected - Direction: South
2024-01-31 11:38:36 - 2024-01-31 11:36:23.623863 - Person 2 detected - Direction: Southeast
2024-01-31 11:38:36 - 2024-01-31 11:36:23.623863 - Person 3 detected - Direction: Southwest
2024-01-31 11:38:36 - 2024-01-31 11:36:23.663863 - Person 0 detected - Direction: Southeast
2024-01-31 11:38:36 - 2024-01-31 11:36:23.663863 - Person 1 detected - Direction: South
2024-01-31 11:38:36 - 2024-01-31 11:36:23.663863 - Person 2 detected - Direction: South
2024-01-31 11:38:36 - 2024-01-31 11:36:23.663863 - Person 3 detected - Direction: Southwest
2024-01-31 11:38:36 - 2024-01-31 11:36:23.703863 - Person 0 detected - Direction: Southeast
2024-01-31 11:38:36 - 2024-01-31 11:36:23.703863 - Person 1 detected - Direction: South
2024-01-31 11:38:36 - 2024-01-31 11:36:23.703863 - Person 2 detected - Direction: South
2024-01-31 11:38:37 - 2024-01-31 11:36:23.743863 - Person 0 detected - Direction: Southwest
2024-01-31 11:38:37 - 2024-01-31 11:36:23.743863 - Person 1 detected - Direction: South
2024-01-31 11:38:37 - 2024-01-31 11:36:23.743863 - Person 2 detected - Direction: South
2024-01-31 11:38:37 - 2024-01-31 11:36:23.743863 - Person 3 detected - Direction: Southwest
2024-01-31 11:38:37 - 2024-01-31 11:36:23.783863 - Person 0 detected - Direction: Southeast
2024-01-31 11:38:37 - 2024-01-31 11:36:23.783863 - Person 1 detected - Direction: South
2024-01-31 11:38:37 - 2024-01-31 11:36:23.783863 - Person 2 detected - Direction: South
2024-01-31 11:38:37 - 2024-01-31 11:36:23.783863 - Person 3 detected - Direction: Southwest
2024-01-31 11:38:37 - 2024-01-31 11:36:23.823863 - Person 0 detected - Direction: Southeast
2024-01-31 11:38:37 - 2024-01-31 11:36:23.823863 - Person 1 detected - Direction: South
2024-01-31 11:38:37 - 2024-01-31 11:36:23.823863 - Person 2 detected - Direction: South
2024-01-31 11:38:37 - 2024-01-31 11:36:23.823863 - Person 3 detected - Direction: Southeast
2024-01-31 11:38:38 - 2024-01-31 11:36:23.863863 - Person 0 detected - Direction: South
2024-01-31 11:38:38 - 2024-01-31 11:36:23.863863 - Person 1 detected - Direction: South
2024-01-31 11:38:38 - 2024-01-31 11:36:23.863863 - Person 2 detected - Direction: Southwest
2024-01-31 11:38:38 - 2024-01-31 11:36:23.903863 - Person 0 detected - Direction: South
2024-01-31 11:38:38 - 2024-01-31 11:36:23.903863 - Person 1 detected - Direction: South
2024-01-31 11:38:38 - 2024-01-31 11:36:23.903863 - Person 2 detected - Direction: Southeast
2024-01-31 11:38:38 - 2024-01-31 11:36:23.943863 - Person 0 detected - Direction: South
2024-01-31 11:38:38 - 2024-01-31 11:36:23.943863 - Person 1 detected - Direction: South
2024-01-31 11:38:38 - 2024-01-31 11:36:23.943863 - Person 2 detected - Direction: Southeast
2024-01-31 11:38:39 - 2024-01-31 11:36:23.983863 - Person 0 detected - Direction: South
2024-01-31 11:38:39 - 2024-01-31 11:36:23.983863 - Person 1 detected - Direction: South
2024-01-31 11:38:39 - 2024-01-31 11:36:23.983863 - Person 2 detected - Direction: Southeast
2024-01-31 11:38:39 - 2024-01-31 11:36:23.983863 - Person 3 detected - Direction: Southwest
2024-01-31 11:38:39 - 2024-01-31 11:36:24.023863 - Person 0 detected - Direction: South
2024-01-31 11:38:39 - 2024-01-31 11:36:24.023863 - Person 1 detected - Direction: South
2024-01-31 11:38:39 - 2024-01-31 11:36:24.023863 - Person 2 detected - Direction: Southwest
2024-01-31 11:38:39 - 2024-01-31 11:36:24.023863 - Person 3 detected - Direction: Southwest
2024-01-31 11:38:39 - 2024-01-31 11:36:24.063863 - Person 0 detected - Direction: South
2024-01-31 11:38:39 - 2024-01-31 11:36:24.063863 - Person 1 detected - Direction: South
2024-01-31 11:38:39 - 2024-01-31 11:36:24.063863 - Person 2 detected - Direction: Southwest
2024-01-31 11:38:39 - 2024-01-31 11:36:24.063863 - Person 3 detected - Direction: Southeast
2024-01-31 11:38:39 - 2024-01-31 11:36:24.103863 - Person 0 detected - Direction: South
2024-01-31 11:38:39 - 2024-01-31 11:36:24.103863 - Person 1 detected - Direction: South
2024-01-31 11:38:39 - 2024-01-31 11:36:24.103863 - Person 2 detected - Direction: Southeast
2024-01-31 11:38:39 - 2024-01-31 11:36:24.103863 - Person 3 detected - Direction: Southwest
2024-01-31 11:38:40 - 2024-01-31 11:36:24.143863 - Person 0 detected - Direction: South
2024-01-31 11:38:40 - 2024-01-31 11:36:24.143863 - Person 1 detected - Direction: South
2024-01-31 11:38:40 - 2024-01-31 11:36:24.143863 - Person 2 detected - Direction: Southwest
2024-01-31 11:38:40 - 2024-01-31 11:36:24.143863 - Person 3 detected - Direction: Southwest
2024-01-31 11:38:40 - 2024-01-31 11:36:24.183863 - Person 0 detected - Direction: South
2024-01-31 11:38:40 - 2024-01-31 11:36:24.183863 - Person 1 detected - Direction: South
2024-01-31 11:38:40 - 2024-01-31 11:36:24.183863 - Person 2 detected - Direction: Southwest
2024-01-31 11:38:40 - 2024-01-31 11:36:24.183863 - Person 3 detected - Direction: Southwest
2024-01-31 11:38:40 - 2024-01-31 11:36:24.223863 - Person 0 detected - Direction: Southeast
2024-01-31 11:38:40 - 2024-01-31 11:36:24.223863 - Person 1 detected - Direction: South
2024-01-31 11:38:40 - 2024-01-31 11:36:24.223863 - Person 2 detected - Direction: South
2024-01-31 11:38:41 - 2024-01-31 11:36:24.263863 - Person 0 detected - Direction: South
2024-01-31 11:38:41 - 2024-01-31 11:36:24.263863 - Person 1 detected - Direction: South
2024-01-31 11:38:41 - 2024-01-31 11:36:24.263863 - Person 2 detected - Direction: Southwest
2024-01-31 11:38:41 - 2024-01-31 11:36:24.263863 - Person 3 detected - Direction: Southeast
2024-01-31 11:38:41 - 2024-01-31 11:36:24.303863 - Person 0 detected - Direction: South
2024-01-31 11:38:41 - 2024-01-31 11:36:24.303863 - Person 1 detected - Direction: South
2024-01-31 11:38:41 - 2024-01-31 11:36:24.303863 - Person 2 detected - Direction: Southwest
2024-01-31 11:38:41 - 2024-01-31 11:36:24.303863 - Person 3 detected - Direction: Southeast
2024-01-31 11:38:41 - 2024-01-31 11:36:24.343863 - Person 0 detected - Direction: South
2024-01-31 11:38:41 - 2024-01-31 11:36:24.343863 - Person 1 detected - Direction: South
2024-01-31 11:38:41 - 2024-01-31 11:36:24.343863 - Person 2 detected - Direction: Southeast
2024-01-31 11:38:41 - 2024-01-31 11:36:24.343863 - Person 3 detected - Direction: East
2024-01-31 11:38:42 - 2024-01-31 11:36:24.383863 - Person 0 detected - Direction: South
2024-01-31 11:38:42 - 2024-01-31 11:36:24.383863 - Person 1 detected - Direction: South
2024-01-31 11:38:42 - 2024-01-31 11:36:24.383863 - Person 2 detected - Direction: Southeast
2024-01-31 11:38:42 - 2024-01-31 11:36:24.383863 - Person 3 detected - Direction: East
2024-01-31 11:38:42 - 2024-01-31 11:36:24.423863 - Person 0 detected - Direction: Southwest
2024-01-31 11:38:42 - 2024-01-31 11:36:24.423863 - Person 1 detected - Direction: South
2024-01-31 11:38:42 - 2024-01-31 11:36:24.423863 - Person 2 detected - Direction: South
2024-01-31 11:38:42 - 2024-01-31 11:36:24.423863 - Person 3 detected - Direction: East
2024-01-31 11:38:42 - 2024-01-31 11:36:24.463863 - Person 0 detected - Direction: Southwest
2024-01-31 11:38:42 - 2024-01-31 11:36:24.463863 - Person 1 detected - Direction: South
2024-01-31 11:38:42 - 2024-01-31 11:36:24.463863 - Person 2 detected - Direction: South
2024-01-31 11:38:42 - 2024-01-31 11:36:24.463863 - Person 3 detected - Direction: East
2024-01-31 11:38:43 - 2024-01-31 11:36:24.503863 - Person 0 detected - Direction: Southwest
2024-01-31 11:38:43 - 2024-01-31 11:36:24.503863 - Person 1 detected - Direction: South
2024-01-31 11:38:43 - 2024-01-31 11:36:24.503863 - Person 2 detected - Direction: South
2024-01-31 11:38:43 - 2024-01-31 11:36:24.543863 - Person 0 detected - Direction: South
2024-01-31 11:38:43 - 2024-01-31 11:36:24.543863 - Person 1 detected - Direction: South
2024-01-31 11:38:43 - 2024-01-31 11:36:24.543863 - Person 2 detected - Direction: Southeast
2024-01-31 11:38:43 - 2024-01-31 11:36:24.543863 - Person 3 detected - Direction: East
2024-01-31 11:38:43 - 2024-01-31 11:36:24.543863 - Person 4 detected - Direction: South
2024-01-31 11:38:43 - 2024-01-31 11:36:24.583863 - Person 0 detected - Direction: South
2024-01-31 11:38:43 - 2024-01-31 11:36:24.583863 - Person 1 detected - Direction: South
2024-01-31 11:38:43 - 2024-01-31 11:36:24.583863 - Person 2 detected - Direction: Southeast
2024-01-31 11:38:43 - 2024-01-31 11:36:24.583863 - Person 3 detected - Direction: East
2024-01-31 11:38:43 - 2024-01-31 11:36:24.583863 - Person 4 detected - Direction: South
2024-01-31 11:38:44 - 2024-01-31 11:36:24.623863 - Person 0 detected - Direction: South
2024-01-31 11:38:44 - 2024-01-31 11:36:24.623863 - Person 1 detected - Direction: South
2024-01-31 11:38:44 - 2024-01-31 11:36:24.623863 - Person 2 detected - Direction: Southeast
2024-01-31 11:38:44 - 2024-01-31 11:36:24.623863 - Person 3 detected - Direction: East
2024-01-31 11:38:44 - 2024-01-31 11:36:24.663863 - Person 0 detected - Direction: Southwest
2024-01-31 11:38:44 - 2024-01-31 11:36:24.663863 - Person 1 detected - Direction: South
2024-01-31 11:38:44 - 2024-01-31 11:36:24.663863 - Person 2 detected - Direction: South
2024-01-31 11:38:44 - 2024-01-31 11:36:24.663863 - Person 3 detected - Direction: East
2024-01-31 11:38:44 - 2024-01-31 11:36:24.663863 - Person 4 detected - Direction: South
2024-01-31 11:38:44 - 2024-01-31 11:36:24.703863 - Person 0 detected - Direction: Southeast
2024-01-31 11:38:44 - 2024-01-31 11:36:24.703863 - Person 1 detected - Direction: South
2024-01-31 11:38:44 - 2024-01-31 11:36:24.703863 - Person 2 detected - Direction: South
2024-01-31 11:38:44 - 2024-01-31 11:36:24.703863 - Person 3 detected - Direction: East
2024-01-31 11:38:44 - 2024-01-31 11:36:24.703863 - Person 4 detected - Direction: South
2024-01-31 11:38:44 - 2024-01-31 11:36:24.743863 - Person 0 detected - Direction: Southeast
2024-01-31 11:38:44 - 2024-01-31 11:36:24.743863 - Person 1 detected - Direction: Southeast
2024-01-31 11:38:44 - 2024-01-31 11:36:24.743863 - Person 2 detected - Direction: South
2024-01-31 11:38:44 - 2024-01-31 11:36:24.743863 - Person 3 detected - Direction: South
2024-01-31 11:38:44 - 2024-01-31 11:36:24.743863 - Person 4 detected - Direction: South
2024-01-31 11:38:45 - 2024-01-31 11:36:24.783863 - Person 0 detected - Direction: Southeast
2024-01-31 11:38:45 - 2024-01-31 11:36:24.783863 - Person 1 detected - Direction: Southeast
2024-01-31 11:38:45 - 2024-01-31 11:36:24.783863 - Person 2 detected - Direction: South
2024-01-31 11:38:45 - 2024-01-31 11:36:24.783863 - Person 3 detected - Direction: South
2024-01-31 11:38:45 - 2024-01-31 11:36:24.783863 - Person 4 detected - Direction: South
2024-01-31 11:38:45 - 2024-01-31 11:36:24.823863 - Person 0 detected - Direction: Southeast
2024-01-31 11:38:45 - 2024-01-31 11:36:24.823863 - Person 1 detected - Direction: South
2024-01-31 11:38:45 - 2024-01-31 11:36:24.823863 - Person 2 detected - Direction: South
2024-01-31 11:38:45 - 2024-01-31 11:36:24.823863 - Person 3 detected - Direction: East
2024-01-31 11:38:45 - 2024-01-31 11:36:24.823863 - Person 4 detected - Direction: South
2024-01-31 11:38:45 - 2024-01-31 11:36:24.863863 - Person 0 detected - Direction: South
2024-01-31 11:38:45 - 2024-01-31 11:36:24.863863 - Person 1 detected - Direction: South
2024-01-31 11:38:45 - 2024-01-31 11:36:24.863863 - Person 2 detected - Direction: Southeast
2024-01-31 11:38:45 - 2024-01-31 11:36:24.863863 - Person 3 detected - Direction: Southwest
2024-01-31 11:38:45 - 2024-01-31 11:36:24.863863 - Person 4 detected - Direction: South
2024-01-31 11:38:46 - 2024-01-31 11:36:24.903863 - Person 0 detected - Direction: South
2024-01-31 11:38:46 - 2024-01-31 11:36:24.903863 - Person 1 detected - Direction: South
2024-01-31 11:38:46 - 2024-01-31 11:36:24.903863 - Person 2 detected - Direction: Southeast
2024-01-31 11:38:46 - 2024-01-31 11:36:24.903863 - Person 3 detected - Direction: Southwest
2024-01-31 11:38:46 - 2024-01-31 11:36:24.903863 - Person 4 detected - Direction: South
2024-01-31 11:38:46 - 2024-01-31 11:36:24.943863 - Person 0 detected - Direction: South
2024-01-31 11:38:46 - 2024-01-31 11:36:24.943863 - Person 1 detected - Direction: South
2024-01-31 11:38:46 - 2024-01-31 11:36:24.943863 - Person 2 detected - Direction: Southwest
2024-01-31 11:38:46 - 2024-01-31 11:36:24.943863 - Person 3 detected - Direction: Southeast
2024-01-31 11:38:46 - 2024-01-31 11:36:24.943863 - Person 4 detected - Direction: East
2024-01-31 11:38:46 - 2024-01-31 11:36:24.983863 - Person 0 detected - Direction: South
2024-01-31 11:38:46 - 2024-01-31 11:36:24.983863 - Person 1 detected - Direction: South
2024-01-31 11:38:46 - 2024-01-31 11:36:24.983863 - Person 2 detected - Direction: Southwest
2024-01-31 11:38:46 - 2024-01-31 11:36:24.983863 - Person 3 detected - Direction: Southeast
2024-01-31 11:38:46 - 2024-01-31 11:36:24.983863 - Person 4 detected - Direction: East
2024-01-31 11:38:47 - 2024-01-31 11:36:25.023863 - Person 0 detected - Direction: South
2024-01-31 11:38:47 - 2024-01-31 11:36:25.023863 - Person 1 detected - Direction: South
2024-01-31 11:38:47 - 2024-01-31 11:36:25.023863 - Person 2 detected - Direction: Southwest
2024-01-31 11:38:47 - 2024-01-31 11:36:25.023863 - Person 3 detected - Direction: Southeast
2024-01-31 11:38:47 - 2024-01-31 11:36:25.023863 - Person 4 detected - Direction: East
2024-01-31 11:38:47 - 2024-01-31 11:36:25.063863 - Person 0 detected - Direction: South
2024-01-31 11:38:47 - 2024-01-31 11:36:25.063863 - Person 1 detected - Direction: South
2024-01-31 11:38:47 - 2024-01-31 11:36:25.063863 - Person 2 detected - Direction: Southwest
2024-01-31 11:38:47 - 2024-01-31 11:36:25.063863 - Person 3 detected - Direction: Southeast
2024-01-31 11:38:47 - 2024-01-31 11:36:25.063863 - Person 4 detected - Direction: East
2024-01-31 11:38:47 - 2024-01-31 11:36:25.103863 - Person 0 detected - Direction: South
2024-01-31 11:38:47 - 2024-01-31 11:36:25.103863 - Person 1 detected - Direction: South
2024-01-31 11:38:47 - 2024-01-31 11:36:25.103863 - Person 2 detected - Direction: Southwest
2024-01-31 11:38:47 - 2024-01-31 11:36:25.103863 - Person 3 detected - Direction: Southeast
2024-01-31 11:38:47 - 2024-01-31 11:36:25.103863 - Person 4 detected - Direction: East
2024-01-31 11:38:48 - 2024-01-31 11:36:25.143863 - Person 0 detected - Direction: Southeast
2024-01-31 11:38:48 - 2024-01-31 11:36:25.143863 - Person 1 detected - Direction: South
2024-01-31 11:38:48 - 2024-01-31 11:36:25.143863 - Person 2 detected - Direction: Southeast
2024-01-31 11:38:48 - 2024-01-31 11:36:25.143863 - Person 3 detected - Direction: East
2024-01-31 11:38:48 - 2024-01-31 11:36:25.183863 - Person 0 detected - Direction: Southeast
2024-01-31 11:38:48 - 2024-01-31 11:36:25.183863 - Person 1 detected - Direction: South
2024-01-31 11:38:48 - 2024-01-31 11:36:25.183863 - Person 2 detected - Direction: Southeast
2024-01-31 11:38:48 - 2024-01-31 11:36:25.183863 - Person 3 detected - Direction: Southwest
2024-01-31 11:38:48 - 2024-01-31 11:36:25.223863 - Person 0 detected - Direction: South
2024-01-31 11:38:48 - 2024-01-31 11:36:25.223863 - Person 1 detected - Direction: South
2024-01-31 11:38:48 - 2024-01-31 11:36:25.223863 - Person 2 detected - Direction: Southeast
2024-01-31 11:38:49 - 2024-01-31 11:36:25.263863 - Person 0 detected - Direction: South
2024-01-31 11:38:49 - 2024-01-31 11:36:25.263863 - Person 1 detected - Direction: South
2024-01-31 11:38:49 - 2024-01-31 11:36:25.263863 - Person 2 detected - Direction: Southeast
2024-01-31 11:38:49 - 2024-01-31 11:36:25.303863 - Person 0 detected - Direction: South
2024-01-31 11:38:49 - 2024-01-31 11:36:25.303863 - Person 1 detected - Direction: South
2024-01-31 11:38:49 - 2024-01-31 11:36:25.303863 - Person 2 detected - Direction: Southeast
2024-01-31 11:38:49 - 2024-01-31 11:36:25.343863 - Person 0 detected - Direction: South
2024-01-31 11:38:49 - 2024-01-31 11:36:25.343863 - Person 1 detected - Direction: South
2024-01-31 11:38:49 - 2024-01-31 11:36:25.343863 - Person 2 detected - Direction: Southeast
2024-01-31 11:38:50 - 2024-01-31 11:36:25.383863 - Person 0 detected - Direction: South
2024-01-31 11:38:50 - 2024-01-31 11:36:25.383863 - Person 1 detected - Direction: South
2024-01-31 11:38:50 - 2024-01-31 11:36:25.383863 - Person 2 detected - Direction: Southeast
2024-01-31 11:38:50 - 2024-01-31 11:36:25.423863 - Person 0 detected - Direction: South
2024-01-31 11:38:50 - 2024-01-31 11:36:25.423863 - Person 1 detected - Direction: South
2024-01-31 11:38:50 - 2024-01-31 11:36:25.423863 - Person 2 detected - Direction: Southeast
2024-01-31 11:38:50 - 2024-01-31 11:36:25.463863 - Person 0 detected - Direction: South
2024-01-31 11:38:50 - 2024-01-31 11:36:25.463863 - Person 1 detected - Direction: South
2024-01-31 11:38:50 - 2024-01-31 11:36:25.463863 - Person 2 detected - Direction: Southeast
2024-01-31 11:38:50 - 2024-01-31 11:36:25.503863 - Person 0 detected - Direction: South
2024-01-31 11:38:50 - 2024-01-31 11:36:25.503863 - Person 1 detected - Direction: South
2024-01-31 11:38:50 - 2024-01-31 11:36:25.503863 - Person 2 detected - Direction: Southeast
2024-01-31 11:38:51 - 2024-01-31 11:36:25.543863 - Person 0 detected - Direction: South
2024-01-31 11:38:51 - 2024-01-31 11:36:25.543863 - Person 1 detected - Direction: South
2024-01-31 11:38:51 - 2024-01-31 11:36:25.543863 - Person 2 detected - Direction: Southeast
2024-01-31 11:38:51 - 2024-01-31 11:36:25.583863 - Person 0 detected - Direction: South
2024-01-31 11:38:51 - 2024-01-31 11:36:25.583863 - Person 1 detected - Direction: South
2024-01-31 11:38:51 - 2024-01-31 11:36:25.583863 - Person 2 detected - Direction: Southeast
2024-01-31 11:38:51 - 2024-01-31 11:36:25.623863 - Person 0 detected - Direction: South
2024-01-31 11:38:51 - 2024-01-31 11:36:25.623863 - Person 1 detected - Direction: South
2024-01-31 11:38:51 - 2024-01-31 11:36:25.623863 - Person 2 detected - Direction: Southeast
2024-01-31 11:38:52 - 2024-01-31 11:36:25.663863 - Person 0 detected - Direction: South
2024-01-31 11:38:52 - 2024-01-31 11:36:25.663863 - Person 1 detected - Direction: South
2024-01-31 11:38:52 - 2024-01-31 11:36:25.663863 - Person 2 detected - Direction: Southeast
2024-01-31 11:38:52 - 2024-01-31 11:36:25.703863 - Person 0 detected - Direction: South
2024-01-31 11:38:52 - 2024-01-31 11:36:25.703863 - Person 1 detected - Direction: South
2024-01-31 11:38:52 - 2024-01-31 11:36:25.703863 - Person 2 detected - Direction: Southeast
2024-01-31 11:38:52 - 2024-01-31 11:36:25.743863 - Person 0 detected - Direction: South
2024-01-31 11:38:52 - 2024-01-31 11:36:25.743863 - Person 1 detected - Direction: South
2024-01-31 11:38:52 - 2024-01-31 11:36:25.743863 - Person 2 detected - Direction: Southeast
2024-01-31 11:38:53 - 2024-01-31 11:36:25.783863 - Person 0 detected - Direction: South
2024-01-31 11:38:53 - 2024-01-31 11:36:25.783863 - Person 1 detected - Direction: South
2024-01-31 11:38:53 - 2024-01-31 11:36:25.783863 - Person 2 detected - Direction: Southeast
2024-01-31 11:38:53 - 2024-01-31 11:36:25.823863 - Person 0 detected - Direction: South
2024-01-31 11:38:53 - 2024-01-31 11:36:25.823863 - Person 1 detected - Direction: South
2024-01-31 11:38:53 - 2024-01-31 11:36:25.823863 - Person 2 detected - Direction: Southwest
2024-01-31 11:38:53 - 2024-01-31 11:36:25.863863 - Person 0 detected - Direction: South
2024-01-31 11:38:53 - 2024-01-31 11:36:25.863863 - Person 1 detected - Direction: South
2024-01-31 11:38:53 - 2024-01-31 11:36:25.863863 - Person 2 detected - Direction: Southeast
2024-01-31 11:38:53 - 2024-01-31 11:36:25.903863 - Person 0 detected - Direction: South
2024-01-31 11:38:53 - 2024-01-31 11:36:25.903863 - Person 1 detected - Direction: South
2024-01-31 11:38:53 - 2024-01-31 11:36:25.903863 - Person 2 detected - Direction: Southeast
2024-01-31 11:38:54 - 2024-01-31 11:36:25.943863 - Person 0 detected - Direction: Southeast
2024-01-31 11:38:54 - 2024-01-31 11:36:25.943863 - Person 1 detected - Direction: South
2024-01-31 11:38:54 - 2024-01-31 11:36:25.943863 - Person 2 detected - Direction: Southeast
2024-01-31 11:38:54 - 2024-01-31 11:36:25.983863 - Person 0 detected - Direction: Southeast
2024-01-31 11:38:54 - 2024-01-31 11:36:25.983863 - Person 1 detected - Direction: South
2024-01-31 11:38:54 - 2024-01-31 11:36:25.983863 - Person 2 detected - Direction: Southeast
2024-01-31 11:38:54 - 2024-01-31 11:36:26.023863 - Person 0 detected - Direction: Southeast
2024-01-31 11:38:54 - 2024-01-31 11:36:26.023863 - Person 1 detected - Direction: South
2024-01-31 11:38:54 - 2024-01-31 11:36:26.023863 - Person 2 detected - Direction: Southeast
2024-01-31 11:38:55 - 2024-01-31 11:36:26.063863 - Person 0 detected - Direction: Southeast
2024-01-31 11:38:55 - 2024-01-31 11:36:26.063863 - Person 1 detected - Direction: Southwest
2024-01-31 11:38:55 - 2024-01-31 11:36:26.063863 - Person 2 detected - Direction: Southwest
2024-01-31 11:38:55 - 2024-01-31 11:36:26.103863 - Person 0 detected - Direction: South
2024-01-31 11:38:55 - 2024-01-31 11:36:26.103863 - Person 1 detected - Direction: Southwest
2024-01-31 11:38:55 - 2024-01-31 11:36:26.103863 - Person 2 detected - Direction: Southwest
2024-01-31 11:38:55 - 2024-01-31 11:36:26.143863 - Person 0 detected - Direction: South
2024-01-31 11:38:55 - 2024-01-31 11:36:26.143863 - Person 1 detected - Direction: Southwest
2024-01-31 11:38:55 - 2024-01-31 11:36:26.143863 - Person 2 detected - Direction: Southwest
2024-01-31 11:38:56 - 2024-01-31 11:36:26.183863 - Person 0 detected - Direction: Southeast
2024-01-31 11:38:56 - 2024-01-31 11:36:26.183863 - Person 1 detected - Direction: Southeast
2024-01-31 11:38:56 - 2024-01-31 11:36:26.183863 - Person 2 detected - Direction: South
2024-01-31 11:38:56 - 2024-01-31 11:36:26.223863 - Person 0 detected - Direction: Southeast
2024-01-31 11:38:56 - 2024-01-31 11:36:26.223863 - Person 1 detected - Direction: Southeast
2024-01-31 11:38:56 - 2024-01-31 11:36:26.223863 - Person 2 detected - Direction: South
2024-01-31 11:38:56 - 2024-01-31 11:36:26.263863 - Person 0 detected - Direction: Southeast
2024-01-31 11:38:56 - 2024-01-31 11:36:26.263863 - Person 1 detected - Direction: Southwest
2024-01-31 11:38:56 - 2024-01-31 11:36:26.303863 - Person 0 detected - Direction: Southeast
2024-01-31 11:38:57 - 2024-01-31 11:36:26.303863 - Person 1 detected - Direction: Southwest
2024-01-31 11:38:57 - 2024-01-31 11:36:26.343863 - Person 0 detected - Direction: Southeast
2024-01-31 11:38:57 - 2024-01-31 11:36:26.343863 - Person 1 detected - Direction: Southwest
2024-01-31 11:38:57 - 2024-01-31 11:36:26.383863 - Person 0 detected - Direction: Southeast
2024-01-31 11:38:57 - 2024-01-31 11:36:26.383863 - Person 1 detected - Direction: Southwest
2024-01-31 11:38:57 - 2024-01-31 11:36:26.423863 - Person 0 detected - Direction: Southeast
2024-01-31 11:38:57 - 2024-01-31 11:36:26.423863 - Person 1 detected - Direction: Southwest
2024-01-31 11:38:58 - 2024-01-31 11:36:26.463863 - Person 0 detected - Direction: North
2024-01-31 11:38:58 - 2024-01-31 11:36:26.463863 - Person 1 detected - Direction: Southeast
2024-01-31 11:38:58 - 2024-01-31 11:36:26.503863 - Person 0 detected - Direction: Southwest
2024-01-31 11:38:58 - 2024-01-31 11:36:26.503863 - Person 1 detected - Direction: Southeast
2024-01-31 11:38:58 - 2024-01-31 11:36:26.543863 - Person 0 detected - Direction: North
2024-01-31 11:38:58 - 2024-01-31 11:36:26.543863 - Person 1 detected - Direction: Southwest
2024-01-31 11:38:59 - 2024-01-31 11:36:26.583863 - Person 0 detected - Direction: Southeast
2024-01-31 11:38:59 - 2024-01-31 11:36:26.583863 - Person 1 detected - Direction: Southwest
2024-01-31 11:38:59 - 2024-01-31 11:36:26.623863 - Person 0 detected - Direction: Southeast
2024-01-31 11:38:59 - 2024-01-31 11:36:26.623863 - Person 1 detected - Direction: Southwest
2024-01-31 11:38:59 - 2024-01-31 11:36:26.663863 - Person 0 detected - Direction: Southeast
2024-01-31 11:38:59 - 2024-01-31 11:36:26.663863 - Person 1 detected - Direction: Southwest
2024-01-31 11:38:59 - 2024-01-31 11:36:26.703863 - Person 0 detected - Direction: Southeast
2024-01-31 11:38:59 - 2024-01-31 11:36:26.703863 - Person 1 detected - Direction: Southwest
2024-01-31 11:39:00 - 2024-01-31 11:36:26.743863 - Person 0 detected - Direction: North
2024-01-31 11:39:00 - 2024-01-31 11:36:26.743863 - Person 1 detected - Direction: Southeast
2024-01-31 11:39:00 - 2024-01-31 11:36:26.743863 - Person 2 detected - Direction: Northwest
2024-01-31 11:39:00 - 2024-01-31 11:36:26.783863 - Person 0 detected - Direction: Southwest
2024-01-31 11:39:00 - 2024-01-31 11:36:26.783863 - Person 1 detected - Direction: Southeast
2024-01-31 11:39:00 - 2024-01-31 11:36:26.783863 - Person 2 detected - Direction: Northwest
2024-01-31 11:39:00 - 2024-01-31 11:36:26.823863 - Person 0 detected - Direction: Southwest
2024-01-31 11:39:00 - 2024-01-31 11:36:26.823863 - Person 1 detected - Direction: Southeast
2024-01-31 11:39:00 - 2024-01-31 11:36:26.823863 - Person 2 detected - Direction: Northeast
2024-01-31 11:39:01 - 2024-01-31 11:36:26.863863 - Person 0 detected - Direction: Southwest
2024-01-31 11:39:01 - 2024-01-31 11:36:26.863863 - Person 1 detected - Direction: Southeast
2024-01-31 11:39:01 - 2024-01-31 11:36:26.863863 - Person 2 detected - Direction: Northeast
2024-01-31 11:39:01 - 2024-01-31 11:36:26.903863 - Person 0 detected - Direction: Southwest
2024-01-31 11:39:01 - 2024-01-31 11:36:26.903863 - Person 1 detected - Direction: Southeast
2024-01-31 11:39:01 - 2024-01-31 11:36:26.903863 - Person 2 detected - Direction: Northeast
2024-01-31 11:39:01 - 2024-01-31 11:36:26.943863 - Person 0 detected - Direction: Southwest
2024-01-31 11:39:02 - 2024-01-31 11:36:26.983863 - Person 0 detected - Direction: North
2024-01-31 11:39:02 - 2024-01-31 11:36:27.023863 - Person 0 detected - Direction: North
2024-01-31 11:39:02 - 2024-01-31 11:36:27.023863 - Person 1 detected - Direction: Southeast
2024-01-31 11:39:02 - 2024-01-31 11:36:27.063863 - Person 0 detected - Direction: Southwest
2024-01-31 11:39:02 - 2024-01-31 11:36:27.063863 - Person 1 detected - Direction: Southeast
2024-01-31 11:39:03 - 2024-01-31 11:36:27.103863 - Person 0 detected - Direction: Southwest
2024-01-31 11:39:03 - 2024-01-31 11:36:27.103863 - Person 1 detected - Direction: Southeast
2024-01-31 11:39:03 - 2024-01-31 11:36:27.143863 - Person 0 detected - Direction: North
2024-01-31 11:39:03 - 2024-01-31 11:36:27.143863 - Person 1 detected - Direction: Southwest
2024-01-31 11:39:03 - 2024-01-31 11:36:27.183863 - Person 0 detected - Direction: Southeast
2024-01-31 11:39:03 - 2024-01-31 11:36:27.183863 - Person 1 detected - Direction: Southwest
2024-01-31 11:39:03 - 2024-01-31 11:36:27.223863 - Person 0 detected - Direction: Southeast
2024-01-31 11:39:03 - 2024-01-31 11:36:27.223863 - Person 1 detected - Direction: Southwest
2024-01-31 11:39:04 - 2024-01-31 11:36:27.263863 - Person 0 detected - Direction: Southeast
2024-01-31 11:39:04 - 2024-01-31 11:36:27.303863 - Person 0 detected - Direction: North
2024-01-31 11:39:04 - 2024-01-31 11:36:27.343863 - Person 0 detected - Direction: North
2024-01-31 11:39:05 - 2024-01-31 11:36:27.383863 - Person 0 detected - Direction: North
2024-01-31 11:39:06 - 2024-01-31 11:36:27.623863 - Person 0 detected - Direction: Northeast
2024-01-31 11:39:07 - 2024-01-31 11:36:27.663863 - Person 0 detected - Direction: North
2024-01-31 11:39:07 - 2024-01-31 11:36:27.703863 - Person 0 detected - Direction: North
2024-01-31 11:39:07 - 2024-01-31 11:36:27.743863 - Person 0 detected - Direction: North
2024-01-31 11:39:07 - 2024-01-31 11:36:27.743863 - Person 1 detected - Direction: South
2024-01-31 11:39:08 - 2024-01-31 11:36:27.783863 - Person 0 detected - Direction: South
2024-01-31 11:39:08 - 2024-01-31 11:36:27.783863 - Person 1 detected - Direction: South
2024-01-31 11:39:08 - 2024-01-31 11:36:27.823863 - Person 0 detected - Direction: South
2024-01-31 11:39:08 - 2024-01-31 11:36:27.863863 - Person 0 detected - Direction: North
2024-01-31 11:39:08 - 2024-01-31 11:36:27.903863 - Person 0 detected - Direction: North
2024-01-31 11:39:09 - 2024-01-31 11:36:27.943863 - Person 0 detected - Direction: North
2024-01-31 11:39:09 - 2024-01-31 11:36:27.983863 - Person 0 detected - Direction: North
2024-01-31 11:39:09 - 2024-01-31 11:36:28.023863 - Person 0 detected - Direction: North
2024-01-31 11:39:10 - 2024-01-31 11:36:28.063863 - Person 0 detected - Direction: North
2024-01-31 11:39:10 - 2024-01-31 11:36:28.063863 - Person 1 detected - Direction: West
2024-01-31 11:39:10 - 2024-01-31 11:36:28.103863 - Person 0 detected - Direction: East
2024-01-31 11:39:10 - 2024-01-31 11:36:28.103863 - Person 1 detected - Direction: West
2024-01-31 11:39:10 - 2024-01-31 11:36:28.143863 - Person 0 detected - Direction: East
2024-01-31 11:39:10 - 2024-01-31 11:36:28.143863 - Person 1 detected - Direction: West
2024-01-31 11:39:10 - 2024-01-31 11:36:28.183863 - Person 0 detected - Direction: East
2024-01-31 11:39:10 - 2024-01-31 11:36:28.183863 - Person 1 detected - Direction: West
2024-01-31 11:39:11 - 2024-01-31 11:36:28.223863 - Person 0 detected - Direction: East
2024-01-31 11:39:11 - 2024-01-31 11:36:28.263863 - Person 0 detected - Direction: West
2024-01-31 11:39:11 - 2024-01-31 11:36:28.303863 - Person 0 detected - Direction: North
2024-01-31 11:39:15 - 2024-01-31 11:36:28.743863 - Person 0 detected - Direction: Southeast
2024-01-31 11:39:15 - 2024-01-31 11:36:28.783863 - Person 0 detected - Direction: North
2024-01-31 11:39:16 - 2024-01-31 11:36:28.863863 - Person 0 detected - Direction: North
2024-01-31 11:39:16 - 2024-01-31 11:36:28.903863 - Person 0 detected - Direction: North
2024-01-31 11:39:18 - 2024-01-31 11:36:29.143863 - Person 0 detected - Direction: Southeast
2024-01-31 11:39:18 - 2024-01-31 11:36:29.183863 - Person 0 detected - Direction: North
2024-01-31 11:39:18 - 2024-01-31 11:36:29.183863 - Person 1 detected - Direction: Southwest
2024-01-31 11:39:19 - 2024-01-31 11:36:29.263863 - Person 0 detected - Direction: North
2024-01-31 11:39:19 - 2024-01-31 11:36:29.303863 - Person 0 detected - Direction: North
2024-01-31 11:39:19 - 2024-01-31 11:36:29.303863 - Person 1 detected - Direction: East
2024-01-31 11:39:19 - 2024-01-31 11:36:29.343863 - Person 0 detected - Direction: West
2024-01-31 11:39:19 - 2024-01-31 11:36:29.343863 - Person 1 detected - Direction: Southeast
2024-01-31 11:39:20 - 2024-01-31 11:36:29.383863 - Person 0 detected - Direction: Southwest
2024-01-31 11:39:20 - 2024-01-31 11:36:29.383863 - Person 1 detected - Direction: Southeast
2024-01-31 11:39:20 - 2024-01-31 11:36:29.423863 - Person 0 detected - Direction: Southwest
2024-01-31 11:39:20 - 2024-01-31 11:36:29.463863 - Person 0 detected - Direction: North
2024-01-31 11:39:20 - 2024-01-31 11:36:29.503863 - Person 0 detected - Direction: North
2024-01-31 11:39:21 - 2024-01-31 11:36:29.543863 - Person 0 detected - Direction: North
2024-01-31 11:39:21 - 2024-01-31 11:36:29.583863 - Person 0 detected - Direction: North
2024-01-31 11:39:21 - 2024-01-31 11:36:29.623863 - Person 0 detected - Direction: North
2024-01-31 11:39:21 - 2024-01-31 11:36:29.623863 - Person 1 detected - Direction: East
2024-01-31 11:39:22 - 2024-01-31 11:36:29.663863 - Person 0 detected - Direction: West
2024-01-31 11:39:22 - 2024-01-31 11:36:29.663863 - Person 1 detected - Direction: East
2024-01-31 11:39:22 - 2024-01-31 11:36:29.703863 - Person 0 detected - Direction: West
2024-01-31 11:39:22 - 2024-01-31 11:36:29.703863 - Person 1 detected - Direction: East
2024-01-31 11:39:22 - 2024-01-31 11:36:29.743863 - Person 0 detected - Direction: West
2024-01-31 11:39:22 - 2024-01-31 11:36:29.783863 - Person 0 detected - Direction: North
2024-01-31 11:39:23 - 2024-01-31 11:36:29.823863 - Person 0 detected - Direction: North
2024-01-31 11:39:23 - 2024-01-31 11:36:29.863863 - Person 0 detected - Direction: Southeast
2024-01-31 11:39:23 - 2024-01-31 11:36:29.903863 - Person 0 detected - Direction: North
2024-01-31 11:39:24 - 2024-01-31 11:36:29.943863 - Person 0 detected - Direction: Southwest
2024-01-31 11:39:24 - 2024-01-31 11:36:29.983863 - Person 0 detected - Direction: North
2024-01-31 11:39:24 - 2024-01-31 11:36:30.023863 - Person 0 detected - Direction: Southeast
2024-01-31 11:39:24 - 2024-01-31 11:36:30.023863 - Person 1 detected - Direction: Southwest
2024-01-31 11:39:25 - 2024-01-31 11:36:30.063863 - Person 0 detected - Direction: North
2024-01-31 11:39:25 - 2024-01-31 11:36:30.063863 - Person 1 detected - Direction: Southeast
2024-01-31 11:39:25 - 2024-01-31 11:36:30.103863 - Person 0 detected - Direction: North
2024-01-31 11:39:25 - 2024-01-31 11:36:30.103863 - Person 1 detected - Direction: Southwest
2024-01-31 11:39:25 - 2024-01-31 11:36:30.143863 - Person 0 detected - Direction: Southeast
2024-01-31 11:39:26 - 2024-01-31 11:36:30.183863 - Person 0 detected - Direction: North
2024-01-31 11:39:26 - 2024-01-31 11:36:30.263863 - Person 0 detected - Direction: Northwest
2024-01-31 11:39:27 - 2024-01-31 11:36:30.303863 - Person 0 detected - Direction: Southwest
2024-01-31 11:39:28 - 2024-01-31 11:36:30.463863 - Person 0 detected - Direction: East
2024-01-31 11:39:28 - 2024-01-31 11:36:30.503863 - Person 0 detected - Direction: North
2024-01-31 11:39:29 - 2024-01-31 11:36:30.543863 - Person 0 detected - Direction: Southwest
2024-01-31 11:39:29 - 2024-01-31 11:36:30.543863 - Person 1 detected - Direction: South
2024-01-31 11:39:29 - 2024-01-31 11:36:30.583863 - Person 0 detected - Direction: South
2024-01-31 11:39:29 - 2024-01-31 11:36:30.583863 - Person 1 detected - Direction: South
2024-01-31 11:39:29 - 2024-01-31 11:36:30.623863 - Person 0 detected - Direction: Northeast
2024-01-31 11:39:29 - 2024-01-31 11:36:30.623863 - Person 1 detected - Direction: South
2024-01-31 11:39:29 - 2024-01-31 11:36:30.623863 - Person 2 detected - Direction: North
2024-01-31 11:39:30 - 2024-01-31 11:36:30.663863 - Person 0 detected - Direction: South
2024-01-31 11:39:30 - 2024-01-31 11:36:30.703863 - Person 0 detected - Direction: North
2024-01-31 11:39:30 - 2024-01-31 11:36:30.703863 - Person 1 detected - Direction: South
2024-01-31 11:39:30 - 2024-01-31 11:36:30.743863 - Person 0 detected - Direction: South
2024-01-31 11:39:30 - 2024-01-31 11:36:30.743863 - Person 1 detected - Direction: South
2024-01-31 11:39:31 - 2024-01-31 11:36:30.783863 - Person 0 detected - Direction: South
2024-01-31 11:39:31 - 2024-01-31 11:36:30.783863 - Person 1 detected - Direction: South
2024-01-31 11:39:31 - 2024-01-31 11:36:30.823863 - Person 0 detected - Direction: Northwest
2024-01-31 11:39:31 - 2024-01-31 11:36:30.823863 - Person 1 detected - Direction: South
2024-01-31 11:39:31 - 2024-01-31 11:36:30.863863 - Person 0 detected - Direction: South
2024-01-31 11:39:32 - 2024-01-31 11:36:30.903863 - Person 0 detected - Direction: North
2024-01-31 11:39:32 - 2024-01-31 11:36:30.943863 - Person 0 detected - Direction: Northwest
2024-01-31 11:39:33 - 2024-01-31 11:36:30.983863 - Person 0 detected - Direction: North
2024-01-31 11:39:33 - 2024-01-31 11:36:31.023863 - Person 0 detected - Direction: North
2024-01-31 11:39:33 - 2024-01-31 11:36:31.063863 - Person 0 detected - Direction: North
2024-01-31 11:39:33 - 2024-01-31 11:36:31.063863 - Person 1 detected - Direction: South
2024-01-31 11:39:33 - 2024-01-31 11:36:31.103863 - Person 0 detected - Direction: South
2024-01-31 11:39:34 - 2024-01-31 11:36:31.143863 - Person 0 detected - Direction: Northwest
2024-01-31 11:39:34 - 2024-01-31 11:36:31.183863 - Person 0 detected - Direction: North
2024-01-31 11:39:34 - 2024-01-31 11:36:31.223863 - Person 0 detected - Direction: North
2024-01-31 11:39:34 - 2024-01-31 11:36:31.223863 - Person 1 detected - Direction: South
2024-01-31 11:39:35 - 2024-01-31 11:36:31.263863 - Person 0 detected - Direction: North
2024-01-31 11:39:35 - 2024-01-31 11:36:31.303863 - Person 0 detected - Direction: North
2024-01-31 11:39:38 - 2024-01-31 11:36:31.623863 - Person 0 detected - Direction: North
2024-01-31 11:39:38 - 2024-01-31 11:36:31.663863 - Person 0 detected - Direction: North
2024-01-31 11:39:39 - 2024-01-31 11:36:31.703863 - Person 0 detected - Direction: North
2024-01-31 11:39:46 - 2024-01-31 11:36:32.463863 - Person 0 detected - Direction: Southeast
2024-01-31 11:39:46 - 2024-01-31 11:36:32.503863 - Person 0 detected - Direction: North
2024-01-31 11:39:47 - 2024-01-31 11:36:32.583863 - Person 0 detected - Direction: North
2024-01-31 11:39:47 - 2024-01-31 11:36:32.623863 - Person 0 detected - Direction: North
2024-01-31 11:39:47 - 2024-01-31 11:36:32.623863 - Person 1 detected - Direction: Southwest
2024-01-31 11:39:47 - 2024-01-31 11:36:32.663863 - Person 0 detected - Direction: Southeast
2024-01-31 11:39:47 - 2024-01-31 11:36:32.663863 - Person 1 detected - Direction: Southwest
2024-01-31 11:39:49 - 2024-01-31 11:36:32.903863 - Person 0 detected - Direction: Southeast
2024-01-31 11:39:50 - 2024-01-31 11:36:32.943863 - Person 0 detected - Direction: Southwest
2024-01-31 11:39:50 - 2024-01-31 11:36:32.983863 - Person 0 detected - Direction: North
2024-01-31 11:39:50 - 2024-01-31 11:36:33.023863 - Person 0 detected - Direction: North
2024-01-31 11:39:50 - 2024-01-31 11:36:33.023863 - Person 1 detected - Direction: Southeast
2024-01-31 11:39:50 - 2024-01-31 11:36:33.063863 - Person 0 detected - Direction: Southwest
2024-01-31 11:39:50 - 2024-01-31 11:36:33.063863 - Person 1 detected - Direction: Southeast
2024-01-31 11:39:51 - 2024-01-31 11:36:33.103863 - Person 0 detected - Direction: Southwest
2024-01-31 11:39:51 - 2024-01-31 11:36:33.103863 - Person 1 detected - Direction: Southeast
2024-01-31 11:39:53 - 2024-01-31 11:36:33.343863 - Person 0 detected - Direction: Southeast
2024-01-31 11:39:53 - 2024-01-31 11:36:33.383863 - Person 0 detected - Direction: North
2024-01-31 11:39:53 - 2024-01-31 11:36:33.423863 - Person 0 detected - Direction: North
2024-01-31 11:39:54 - 2024-01-31 11:36:33.463863 - Person 0 detected - Direction: North
2024-01-31 11:39:54 - 2024-01-31 11:36:33.503863 - Person 0 detected - Direction: Southwest
2024-01-31 11:39:54 - 2024-01-31 11:36:33.503863 - Person 1 detected - Direction: South
2024-01-31 11:39:54 - 2024-01-31 11:36:33.543863 - Person 0 detected - Direction: North
2024-01-31 11:39:55 - 2024-01-31 11:36:33.583863 - Person 0 detected - Direction: North
2024-01-31 11:39:55 - 2024-01-31 11:36:33.623863 - Person 0 detected - Direction: North
2024-01-31 11:39:55 - 2024-01-31 11:36:33.663863 - Person 0 detected - Direction: North
2024-01-31 11:39:56 - 2024-01-31 11:36:33.703863 - Person 0 detected - Direction: North
2024-01-31 11:39:56 - 2024-01-31 11:36:33.743863 - Person 0 detected - Direction: Northeast
2024-01-31 11:39:56 - 2024-01-31 11:36:33.783863 - Person 0 detected - Direction: North
2024-01-31 11:39:56 - 2024-01-31 11:36:33.823863 - Person 0 detected - Direction: North
2024-01-31 11:39:57 - 2024-01-31 11:36:33.863863 - Person 0 detected - Direction: North
2024-01-31 11:39:57 - 2024-01-31 11:36:33.903863 - Person 0 detected - Direction: North
2024-01-31 11:39:57 - 2024-01-31 11:36:33.943863 - Person 0 detected - Direction: Northeast
2024-01-31 11:39:57 - 2024-01-31 11:36:33.943863 - Person 1 detected - Direction: Southwest
2024-01-31 11:39:58 - 2024-01-31 11:36:33.983863 - Person 0 detected - Direction: Southeast
2024-01-31 11:39:58 - 2024-01-31 11:36:33.983863 - Person 1 detected - Direction: Southwest
2024-01-31 11:39:58 - 2024-01-31 11:36:34.023863 - Person 0 detected - Direction: North
2024-01-31 11:39:58 - 2024-01-31 11:36:34.023863 - Person 1 detected - Direction: Southeast
2024-01-31 11:39:58 - 2024-01-31 11:36:34.063863 - Person 0 detected - Direction: Southwest
2024-01-31 11:39:58 - 2024-01-31 11:36:34.063863 - Person 1 detected - Direction: Southeast
2024-01-31 11:39:59 - 2024-01-31 11:36:34.103863 - Person 0 detected - Direction: North
2024-01-31 11:39:59 - 2024-01-31 11:36:34.103863 - Person 1 detected - Direction: Southwest
2024-01-31 11:39:59 - 2024-01-31 11:36:34.143863 - Person 0 detected - Direction: North
2024-01-31 11:39:59 - 2024-01-31 11:36:34.183863 - Person 0 detected - Direction: North
2024-01-31 11:39:59 - 2024-01-31 11:36:34.183863 - Person 1 detected - Direction: Southeast
2024-01-31 11:40:00 - 2024-01-31 11:36:34.303863 - Person 0 detected - Direction: Southwest
2024-01-31 11:40:00 - 2024-01-31 11:36:34.303863 - Person 1 detected - Direction: Southeast
2024-01-31 11:40:01 - 2024-01-31 11:36:34.343863 - Person 0 detected - Direction: Southwest
2024-01-31 11:40:01 - 2024-01-31 11:36:34.343863 - Person 1 detected - Direction: Southeast
2024-01-31 11:40:01 - 2024-01-31 11:36:34.383863 - Person 0 detected - Direction: North
2024-01-31 11:40:01 - 2024-01-31 11:36:34.383863 - Person 1 detected - Direction: Southwest
2024-01-31 11:40:01 - 2024-01-31 11:36:34.423863 - Person 0 detected - Direction: North
2024-01-31 11:40:01 - 2024-01-31 11:36:34.423863 - Person 1 detected - Direction: Southeast
2024-01-31 11:40:02 - 2024-01-31 11:36:34.463863 - Person 0 detected - Direction: Southwest
2024-01-31 11:40:02 - 2024-01-31 11:36:34.463863 - Person 1 detected - Direction: Southeast
2024-01-31 11:40:02 - 2024-01-31 11:36:34.503863 - Person 0 detected - Direction: Northeast
2024-01-31 11:40:02 - 2024-01-31 11:36:34.503863 - Person 1 detected - Direction: Southwest
2024-01-31 11:40:02 - 2024-01-31 11:36:34.543863 - Person 0 detected - Direction: Southeast
2024-01-31 11:40:02 - 2024-01-31 11:36:34.543863 - Person 1 detected - Direction: Southwest
2024-01-31 11:40:03 - 2024-01-31 11:36:34.583863 - Person 0 detected - Direction: Southeast
2024-01-31 11:40:03 - 2024-01-31 11:36:34.583863 - Person 1 detected - Direction: Southwest
2024-01-31 11:40:03 - 2024-01-31 11:36:34.623863 - Person 0 detected - Direction: Southeast
2024-01-31 11:40:03 - 2024-01-31 11:36:34.623863 - Person 1 detected - Direction: Southwest
2024-01-31 11:40:03 - 2024-01-31 11:36:34.663863 - Person 0 detected - Direction: Southeast
2024-01-31 11:40:03 - 2024-01-31 11:36:34.663863 - Person 1 detected - Direction: Southwest
2024-01-31 11:40:03 - 2024-01-31 11:36:34.703863 - Person 0 detected - Direction: Southeast
2024-01-31 11:40:04 - 2024-01-31 11:36:34.743863 - Person 0 detected - Direction: Northeast
2024-01-31 11:40:04 - 2024-01-31 11:36:34.743863 - Person 1 detected - Direction: Southwest
2024-01-31 11:40:04 - 2024-01-31 11:36:34.783863 - Person 0 detected - Direction: Southeast
2024-01-31 11:40:04 - 2024-01-31 11:36:34.783863 - Person 1 detected - Direction: Southwest
2024-01-31 11:40:04 - 2024-01-31 11:36:34.823863 - Person 0 detected - Direction: Southeast
2024-01-31 11:40:05 - 2024-01-31 11:36:34.863863 - Person 0 detected - Direction: North
2024-01-31 11:40:05 - 2024-01-31 11:36:34.903863 - Person 0 detected - Direction: Northeast
2024-01-31 11:40:05 - 2024-01-31 11:36:34.903863 - Person 1 detected - Direction: Southwest
2024-01-31 11:40:06 - 2024-01-31 11:36:34.943863 - Person 0 detected - Direction: Southeast
2024-01-31 11:40:06 - 2024-01-31 11:36:34.943863 - Person 1 detected - Direction: Southwest
2024-01-31 11:40:06 - 2024-01-31 11:36:34.983863 - Person 0 detected - Direction: Southeast
2024-01-31 11:40:06 - 2024-01-31 11:36:34.983863 - Person 1 detected - Direction: Southwest
2024-01-31 11:40:06 - 2024-01-31 11:36:35.023863 - Person 0 detected - Direction: Southeast
2024-01-31 11:40:06 - 2024-01-31 11:36:35.023863 - Person 1 detected - Direction: Southwest
2024-01-31 11:40:07 - 2024-01-31 11:36:35.063863 - Person 0 detected - Direction: Southeast
2024-01-31 11:40:07 - 2024-01-31 11:36:35.063863 - Person 1 detected - Direction: Southwest
2024-01-31 11:40:07 - 2024-01-31 11:36:35.103863 - Person 0 detected - Direction: Southeast
2024-01-31 11:40:07 - 2024-01-31 11:36:35.103863 - Person 1 detected - Direction: Southwest
2024-01-31 11:40:08 - 2024-01-31 11:36:35.143863 - Person 0 detected - Direction: Southeast
2024-01-31 11:40:08 - 2024-01-31 11:36:35.143863 - Person 1 detected - Direction: Southwest
2024-01-31 11:40:08 - 2024-01-31 11:36:35.183863 - Person 0 detected - Direction: Southeast
2024-01-31 11:40:08 - 2024-01-31 11:36:35.183863 - Person 1 detected - Direction: Southwest
2024-01-31 11:40:09 - 2024-01-31 11:36:35.223863 - Person 0 detected - Direction: North
2024-01-31 11:40:09 - 2024-01-31 11:36:35.223863 - Person 1 detected - Direction: Southeast
2024-01-31 11:40:09 - 2024-01-31 11:36:35.263863 - Person 0 detected - Direction: Southwest
2024-01-31 11:40:09 - 2024-01-31 11:36:35.263863 - Person 1 detected - Direction: Southeast
2024-01-31 11:40:10 - 2024-01-31 11:36:35.303863 - Person 0 detected - Direction: Southwest
2024-01-31 11:40:10 - 2024-01-31 11:36:35.343863 - Person 0 detected - Direction: North
2024-01-31 11:40:10 - 2024-01-31 11:36:35.383863 - Person 0 detected - Direction: North
2024-01-31 11:40:11 - 2024-01-31 11:36:35.423863 - Person 0 detected - Direction: North
2024-01-31 11:40:11 - 2024-01-31 11:36:35.463863 - Person 0 detected - Direction: North
2024-01-31 11:40:11 - 2024-01-31 11:36:35.503863 - Person 0 detected - Direction: North
2024-01-31 11:40:12 - 2024-01-31 11:36:35.543863 - Person 0 detected - Direction: North
2024-01-31 11:40:12 - 2024-01-31 11:36:35.583863 - Person 0 detected - Direction: North
2024-01-31 11:40:12 - 2024-01-31 11:36:35.623863 - Person 0 detected - Direction: North
2024-01-31 11:40:13 - 2024-01-31 11:36:35.663863 - Person 0 detected - Direction: North
2024-01-31 11:40:15 - 2024-01-31 11:36:35.903863 - Person 0 detected - Direction: South
2024-01-31 11:40:20 - 2024-01-31 11:36:36.383863 - Person 0 detected - Direction: Northwest
2024-01-31 11:40:20 - 2024-01-31 11:36:36.423863 - Person 0 detected - Direction: East
2024-01-31 11:40:20 - 2024-01-31 11:36:36.423863 - Person 1 detected - Direction: West
2024-01-31 11:40:20 - 2024-01-31 11:36:36.463863 - Person 0 detected - Direction: East
2024-01-31 11:40:20 - 2024-01-31 11:36:36.463863 - Person 1 detected - Direction: West
2024-01-31 11:40:21 - 2024-01-31 11:36:36.503863 - Person 0 detected - Direction: North
2024-01-31 11:40:21 - 2024-01-31 11:36:36.543863 - Person 0 detected - Direction: North
2024-01-31 11:40:21 - 2024-01-31 11:36:36.543863 - Person 1 detected - Direction: Southeast
2024-01-31 11:40:21 - 2024-01-31 11:36:36.583863 - Person 0 detected - Direction: Southwest
2024-01-31 11:40:21 - 2024-01-31 11:36:36.583863 - Person 1 detected - Direction: Southeast
2024-01-31 11:40:22 - 2024-01-31 11:36:36.623863 - Person 0 detected - Direction: Southwest
2024-01-31 11:40:22 - 2024-01-31 11:36:36.623863 - Person 1 detected - Direction: Southeast
2024-01-31 11:40:22 - 2024-01-31 11:36:36.663863 - Person 0 detected - Direction: Southwest
2024-01-31 11:40:22 - 2024-01-31 11:36:36.663863 - Person 1 detected - Direction: Southeast
2024-01-31 11:40:22 - 2024-01-31 11:36:36.703863 - Person 0 detected - Direction: Southwest
2024-01-31 11:40:22 - 2024-01-31 11:36:36.743863 - Person 0 detected - Direction: North
2024-01-31 11:40:23 - 2024-01-31 11:36:36.783863 - Person 0 detected - Direction: North
2024-01-31 11:40:23 - 2024-01-31 11:36:36.823863 - Person 0 detected - Direction: North
2024-01-31 11:40:23 - 2024-01-31 11:36:36.863863 - Person 0 detected - Direction: North
2024-01-31 11:40:24 - 2024-01-31 11:36:36.903863 - Person 0 detected - Direction: North
2024-01-31 11:40:24 - 2024-01-31 11:36:36.903863 - Person 1 detected - Direction: Southeast
2024-01-31 11:40:24 - 2024-01-31 11:36:36.943863 - Person 0 detected - Direction: Southwest
2024-01-31 11:40:24 - 2024-01-31 11:36:36.983863 - Person 0 detected - Direction: North
2024-01-31 11:40:25 - 2024-01-31 11:36:37.023863 - Person 0 detected - Direction: North
2024-01-31 11:40:25 - 2024-01-31 11:36:37.063863 - Person 0 detected - Direction: North
2024-01-31 11:40:25 - 2024-01-31 11:36:37.103863 - Person 0 detected - Direction: South
2024-01-31 11:40:26 - 2024-01-31 11:36:37.143863 - Person 0 detected - Direction: East
2024-01-31 11:40:26 - 2024-01-31 11:36:37.183863 - Person 0 detected - Direction: North
2024-01-31 11:40:26 - 2024-01-31 11:36:37.223863 - Person 0 detected - Direction: Northeast
2024-01-31 11:40:26 - 2024-01-31 11:36:37.223863 - Person 1 detected - Direction: South
2024-01-31 11:40:26 - 2024-01-31 11:36:37.263863 - Person 0 detected - Direction: South
2024-01-31 11:40:26 - 2024-01-31 11:36:37.263863 - Person 1 detected - Direction: South
